;;; TOOL: run-interp-spec
;;; STDIN_FILE: third_party/testsuite/binary.wast
(;; STDOUT ;;;
out/test/spec/binary.wast:6: assert_malformed passed:
  0000000: error: unable to read uint32_t: magic
out/test/spec/binary.wast:7: assert_malformed passed:
  0000000: error: unable to read uint32_t: magic
out/test/spec/binary.wast:8: assert_malformed passed:
  0000000: error: unable to read uint32_t: magic
out/test/spec/binary.wast:9: assert_malformed passed:
  0000004: error: bad magic value
out/test/spec/binary.wast:10: assert_malformed passed:
  0000004: error: bad magic value
out/test/spec/binary.wast:11: assert_malformed passed:
  0000004: error: bad magic value
out/test/spec/binary.wast:12: assert_malformed passed:
  0000004: error: bad magic value
out/test/spec/binary.wast:13: assert_malformed passed:
  0000004: error: bad magic value
out/test/spec/binary.wast:14: assert_malformed passed:
  0000004: error: bad magic value
out/test/spec/binary.wast:15: assert_malformed passed:
  0000004: error: bad magic value
out/test/spec/binary.wast:16: assert_malformed passed:
  0000004: error: bad magic value
out/test/spec/binary.wast:17: assert_malformed passed:
  0000004: error: bad magic value
out/test/spec/binary.wast:18: assert_malformed passed:
  0000004: error: bad magic value
out/test/spec/binary.wast:21: assert_malformed passed:
  0000004: error: bad magic value
out/test/spec/binary.wast:24: assert_malformed passed:
  0000004: error: bad magic value
out/test/spec/binary.wast:25: assert_malformed passed:
  0000004: error: bad magic value
out/test/spec/binary.wast:28: assert_malformed passed:
  0000004: error: bad magic value
out/test/spec/binary.wast:31: assert_malformed passed:
  0000004: error: bad magic value
out/test/spec/binary.wast:34: assert_malformed passed:
  0000004: error: bad magic value
out/test/spec/binary.wast:37: assert_malformed passed:
  0000004: error: unable to read uint32_t: version
out/test/spec/binary.wast:38: assert_malformed passed:
  0000004: error: unable to read uint32_t: version
out/test/spec/binary.wast:39: assert_malformed passed:
  0000004: error: unable to read uint32_t: version
out/test/spec/binary.wast:40: assert_malformed passed:
  0000008: error: bad wasm file version: 0 (expected 0x1)
out/test/spec/binary.wast:41: assert_malformed passed:
  0000008: error: bad wasm file version: 0xd (expected 0x1)
out/test/spec/binary.wast:42: assert_malformed passed:
  0000008: error: bad wasm file version: 0xe (expected 0x1)
out/test/spec/binary.wast:43: assert_malformed passed:
  0000008: error: bad wasm file version: 0x100 (expected 0x1)
out/test/spec/binary.wast:44: assert_malformed passed:
  0000008: error: bad wasm file version: 0x10000 (expected 0x1)
out/test/spec/binary.wast:45: assert_malformed passed:
  0000008: error: bad wasm file version: 0x1000000 (expected 0x1)
out/test/spec/binary.wast:50: assert_malformed passed:
  0000022: error: call_indirect reserved value must be 0
out/test/spec/binary.wast:69: assert_malformed passed:
  0000022: error: call_indirect reserved value must be 0
out/test/spec/binary.wast:88: assert_malformed passed:
  0000022: error: call_indirect reserved value must be 0
out/test/spec/binary.wast:106: assert_malformed passed:
  0000022: error: call_indirect reserved value must be 0
out/test/spec/binary.wast:124: assert_malformed passed:
  0000022: error: call_indirect reserved value must be 0
out/test/spec/binary.wast:143: assert_malformed passed:
  0000020: error: memory.grow reserved value must be 0
out/test/spec/binary.wast:163: assert_malformed passed:
  0000020: error: memory.grow reserved value must be 0
out/test/spec/binary.wast:183: assert_malformed passed:
  0000020: error: memory.grow reserved value must be 0
out/test/spec/binary.wast:202: assert_malformed passed:
  0000020: error: memory.grow reserved value must be 0
out/test/spec/binary.wast:221: assert_malformed passed:
  0000020: error: memory.grow reserved value must be 0
out/test/spec/binary.wast:241: assert_malformed passed:
  000001e: error: memory.size reserved value must be 0
out/test/spec/binary.wast:260: assert_malformed passed:
  000001e: error: memory.size reserved value must be 0
out/test/spec/binary.wast:279: assert_malformed passed:
  000001e: error: memory.size reserved value must be 0
out/test/spec/binary.wast:297: assert_malformed passed:
  000001e: error: memory.size reserved value must be 0
out/test/spec/binary.wast:315: assert_malformed passed:
  000001e: error: memory.size reserved value must be 0
out/test/spec/binary.wast:334: assert_malformed passed:
  000001c: error: local count must be < 0x10000000
out/test/spec/binary.wast:366: assert_malformed passed:
  0000013: error: function signature count != function body count
out/test/spec/binary.wast:376: assert_malformed passed:
  000000b: error: function signature count != function body count
out/test/spec/binary.wast:385: assert_malformed passed:
  0000016: error: function signature count != function body count
out/test/spec/binary.wast:396: assert_malformed passed:
  0000015: error: function signature count != function body count
48/48 tests passed.
;;; STDOUT ;;)
