;;; TOOL: run-interp-spec
;;; STDIN_FILE: third_party/testsuite/proposals/multi-value/br.wast
;;; ARGS*: --enable-multi-value
(;; STDOUT ;;;
out/test/spec/multi-value/br.wast:462: assert_invalid passed:
  error: type mismatch in br, expected [i32] but got []
  000001c: error: OnBrExpr callback failed
out/test/spec/multi-value/br.wast:469: assert_invalid passed:
  error: type mismatch in br, expected [i32] but got []
  000001d: error: OnBrExpr callback failed
out/test/spec/multi-value/br.wast:475: assert_invalid passed:
  error: type mismatch in br, expected [i32] but got []
  0000020: error: OnBrExpr callback failed
out/test/spec/multi-value/br.wast:481: assert_invalid passed:
  error: type mismatch in br, expected [i32] but got [i64]
  000001e: error: OnBrExpr callback failed
out/test/spec/multi-value/br.wast:488: assert_invalid passed:
  error: invalid depth: 1 (max 0)
  0000019: error: OnBrExpr callback failed
out/test/spec/multi-value/br.wast:492: assert_invalid passed:
  error: invalid depth: 5 (max 2)
  000001d: error: OnBrExpr callback failed
out/test/spec/multi-value/br.wast:496: assert_invalid passed:
  error: invalid depth: 268435457 (max 0)
  000001d: error: OnBrExpr callback failed
81/81 tests passed.
;;; STDOUT ;;)
