;;; TOOL: run-interp-spec
;;; STDIN_FILE: third_party/testsuite/proposals/multi-value/call.wast
;;; ARGS*: --enable-multi-value
(;; STDOUT ;;;
out/test/spec/multi-value/call.wast:215: assert_invalid passed:
  error: type mismatch in i32.eqz, expected [i32] but got []
  000001b: error: OnConvertExpr callback failed
out/test/spec/multi-value/call.wast:222: assert_invalid passed:
  error: type mismatch in i32.eqz, expected [i32] but got [i64]
  000001f: error: OnConvertExpr callback failed
out/test/spec/multi-value/call.wast:230: assert_invalid passed:
  error: type mismatch in call, expected [i32] but got []
  000001e: error: OnCallExpr callback failed
out/test/spec/multi-value/call.wast:237: assert_invalid passed:
  error: type mismatch in call, expected [f64, i32] but got []
  000001f: error: OnCallExpr callback failed
out/test/spec/multi-value/call.wast:244: assert_invalid passed:
  error: type mismatch in function, expected [] but got [i32]
  000001d: error: EndFunctionBody callback failed
out/test/spec/multi-value/call.wast:251: assert_invalid passed:
  error: type mismatch in function, expected [] but got [f64, i32]
  0000026: error: EndFunctionBody callback failed
out/test/spec/multi-value/call.wast:259: assert_invalid passed:
  error: type mismatch in call, expected [i32, i32] but got [i32]
  0000022: error: OnCallExpr callback failed
out/test/spec/multi-value/call.wast:266: assert_invalid passed:
  error: type mismatch in call, expected [i32, i32] but got [i32]
  0000022: error: OnCallExpr callback failed
out/test/spec/multi-value/call.wast:273: assert_invalid passed:
  error: type mismatch in call, expected [i32, f64] but got [f64, i32]
  000002a: error: OnCallExpr callback failed
out/test/spec/multi-value/call.wast:280: assert_invalid passed:
  error: type mismatch in call, expected [f64, i32] but got [i32, f64]
  000002a: error: OnCallExpr callback failed
out/test/spec/multi-value/call.wast:291: assert_invalid passed:
  0000019: error: invalid call function index: 1
out/test/spec/multi-value/call.wast:295: assert_invalid passed:
  000001d: error: invalid call function index: 1012321300
55/55 tests passed.
;;; STDOUT ;;)
