<?xml version="1.0" encoding="UTF-8"?>
<testsuite xmlns:xsi="http://www.w3.org/2001/XMLSchema-instance" xsi:noNamespaceSchemaLocation="https://maven.apache.org/surefire/maven-surefire-plugin/xsd/surefire-test-report.xsd" name="wasmati.GetBufferLocationMapTest" time="7.618" tests="2" errors="0" skipped="0" failures="0">
  <properties>
[...]
</properties>
  <testcase name="shouldReturnBufferLocationMapWithoutDuplicates" classname="wasmati.GetBufferLocationMapTest" time="2.045"/>
  <testcase name="shouldReturnBufferLocationMap" classname="wasmati.GetBufferLocationMapTest" time="0.276"/>
</testsuite>